[30Aug2025 19:24:54.615] [main/INFO] [cpw.mods.modlauncher.Launcher/MODLAUNCHER]: ModLauncher running: args [--launchTarget, forgeserveruserdev, --gameDir, ., --fml.forgeVersion, 47.4.2, --fml.mcVersion, 1.20.1, --fml.forgeGroup, net.minecraftforge, --fml.mcpVersion, 20230612.114412, --mixin.config, tinkersdiving.mixins.json]
[30Aug2025 19:24:54.625] [main/INFO] [cpw.mods.modlauncher.Launcher/MODLAUNCHER]: ModLauncher 10.0.9+10.0.9+main.dcd20f30 starting: java version 17.0.15 by Eclipse Adoptium; OS Windows 11 arch amd64 version 10.0
[30Aug2025 19:24:54.776] [main/WARN] [net.minecraftforge.fml.loading.FMLConfig/CORE]: Configuration file C:\Users\Misterforgetful\Projects\tinkersdiving\run\server\config\fml.toml is not correct. Correcting
[30Aug2025 19:24:54.778] [main/INFO] [net.minecraftforge.fml.loading.FMLConfig/CORE]: Incorrect key [earlyWindowSkipGLVersions] was corrected from null to []
[30Aug2025 19:24:54.778] [main/INFO] [net.minecraftforge.fml.loading.FMLConfig/CORE]: Incorrect key [earlyWindowLogHelpMessage] was corrected from null to true
[30Aug2025 19:24:54.778] [main/INFO] [net.minecraftforge.fml.loading.FMLConfig/CORE]: Incorrect key [earlyWindowSquir] was corrected from null to false
[30Aug2025 19:24:54.779] [main/INFO] [net.minecraftforge.fml.loading.FMLConfig/CORE]: Incorrect key [earlyWindowShowCPU] was corrected from null to false
[30Aug2025 19:24:54.801] [main/INFO] [net.minecraftforge.fml.loading.ImmediateWindowHandler/]: ImmediateWindowProvider not loading because launch target is forgeserveruserdev
[30Aug2025 19:24:54.849] [main/INFO] [mixin/]: SpongePowered MIXIN Subsystem Version=0.8.5 Source=union:/C:/Users/Misterforgetful/.gradle/caches/modules-2/files-2.1/org.spongepowered/mixin/0.8.5/9d1c0c3a304ae6697ecd477218fa61b850bf57fc/mixin-0.8.5.jar%23128!/ Service=ModLauncher Env=SERVER
[30Aug2025 19:24:55.183] [main/WARN] [net.minecraftforge.fml.loading.moddiscovery.ModFileParser/LOADING]: Mod file C:\Users\Misterforgetful\.gradle\caches\modules-2\files-2.1\net.minecraftforge\javafmllanguage\1.20.1-47.4.2\69932762bf197a54e59c5beb40e2a796cb7b0344\javafmllanguage-1.20.1-47.4.2.jar is missing mods.toml file
[30Aug2025 19:24:55.186] [main/WARN] [net.minecraftforge.fml.loading.moddiscovery.ModFileParser/LOADING]: Mod file C:\Users\Misterforgetful\.gradle\caches\modules-2\files-2.1\net.minecraftforge\lowcodelanguage\1.20.1-47.4.2\558f84c8439daeb45b9d72391572781e8d52039f\lowcodelanguage-1.20.1-47.4.2.jar is missing mods.toml file
[30Aug2025 19:24:55.189] [main/WARN] [net.minecraftforge.fml.loading.moddiscovery.ModFileParser/LOADING]: Mod file C:\Users\Misterforgetful\.gradle\caches\modules-2\files-2.1\net.minecraftforge\mclanguage\1.20.1-47.4.2\b861aade365eff21af88b465e5fb32b643b2db4d\mclanguage-1.20.1-47.4.2.jar is missing mods.toml file
[30Aug2025 19:24:55.191] [main/WARN] [net.minecraftforge.fml.loading.moddiscovery.ModFileParser/LOADING]: Mod file C:\Users\Misterforgetful\.gradle\caches\modules-2\files-2.1\net.minecraftforge\fmlcore\1.20.1-47.4.2\e64efc556f126e900f6656987f2641f639b7a3e2\fmlcore-1.20.1-47.4.2.jar is missing mods.toml file
[30Aug2025 19:24:55.493] [main/WARN] [net.minecraftforge.jarjar.selection.JarSelector/]: Attempted to select a dependency jar for JarJar which was passed in as source: flywheel. Using Mod File: C:\Users\Misterforgetful\.gradle\caches\forge_gradle\deobf_dependencies\dev\engine-room\flywheel\flywheel-forge-1.20.1\1.0.4_mapped_official_1.20.1\flywheel-forge-1.20.1-1.0.4_mapped_official_1.20.1.jar
[30Aug2025 19:24:55.494] [main/WARN] [net.minecraftforge.jarjar.selection.JarSelector/]: Attempted to select a dependency jar for JarJar which was passed in as source: ponder. Using Mod File: C:\Users\Misterforgetful\.gradle\caches\forge_gradle\deobf_dependencies\net\createmod\ponder\Ponder-Forge-1.20.1\1.0.78_mapped_official_1.20.1\Ponder-Forge-1.20.1-1.0.78_mapped_official_1.20.1.jar
[30Aug2025 19:24:55.494] [main/INFO] [net.minecraftforge.fml.loading.moddiscovery.JarInJarDependencyLocator/]: Found 3 dependencies adding them to mods collection
[30Aug2025 19:24:57.533] [main/INFO] [mixin/]: Compatibility level set to JAVA_17
[30Aug2025 19:24:57.556] [main/INFO] [cpw.mods.modlauncher.LaunchServiceHandler/MODLAUNCHER]: Launching target 'forgeserveruserdev' with arguments [--gameDir, .]
[30Aug2025 19:24:57.714] [main/WARN] [mixin/]: Reference map 'tinkersdiving.refmap.json' for tinkersdiving.mixins.json could not be read. If this is a development environment you can ignore this message
[30Aug2025 19:24:57.948] [main/INFO] [mixin/]: Remapping refMap backend-flywheel.refmap.json using C:\Users\Misterforgetful\Projects\tinkersdiving\build\createSrgToMcp\output.srg
[30Aug2025 19:24:57.950] [main/INFO] [mixin/]: Remapping refMap flywheel.refmap.json using C:\Users\Misterforgetful\Projects\tinkersdiving\build\createSrgToMcp\output.srg
[30Aug2025 19:24:57.951] [main/INFO] [mixin/]: Remapping refMap ponder.refmap.json using C:\Users\Misterforgetful\Projects\tinkersdiving\build\createSrgToMcp\output.srg
[30Aug2025 19:24:57.952] [main/INFO] [mixin/]: Remapping refMap ponder.refmap.json using C:\Users\Misterforgetful\Projects\tinkersdiving\build\createSrgToMcp\output.srg
[30Aug2025 19:24:57.965] [main/INFO] [mixin/]: Remapping refMap create.refmap.json using C:\Users\Misterforgetful\Projects\tinkersdiving\build\createSrgToMcp\output.srg
[30Aug2025 19:24:58.747] [main/WARN] [net.minecraft.server.Eula/]: Failed to load eula.txt
[30Aug2025 19:24:58.754] [main/INFO] [net.minecraft.server.Main/]: You need to agree to the EULA in order to run the server. Go to eula.txt for more info.
